0 info it worked if it ends with ok
1 verbose cli [ '/usr/bin/node',
1 verbose cli   '/usr/bin/npm',
1 verbose cli   'view',
1 verbose cli   '--json',
1 verbose cli   'react',
1 verbose cli   'description',
1 verbose cli   'dist-tags.latest',
1 verbose cli   'homepage',
1 verbose cli   'version' ]
2 info using npm@3.5.2
3 info using node@v8.10.0
4 silly mapToRegistry name react
5 silly mapToRegistry using default registry
6 silly mapToRegistry registry http://registry.npmjs.org/
7 silly mapToRegistry uri http://registry.npmjs.org/react
8 verbose request uri http://registry.npmjs.org/react
9 verbose request no auth needed
10 info attempt registry request try #1 at 2:28:30 AM
11 verbose request id 876856a4a2990a93
12 http request GET http://registry.npmjs.org/react
13 info retry will retry, error on last attempt: Error: unable to get local issuer certificate
14 info attempt registry request try #2 at 2:28:40 AM
15 http request GET http://registry.npmjs.org/react
16 info retry will retry, error on last attempt: Error: unable to get local issuer certificate
17 info attempt registry request try #3 at 2:29:41 AM
18 http request GET http://registry.npmjs.org/react
19 verbose stack Error: unable to get local issuer certificate
19 verbose stack     at TLSSocket.<anonymous> (_tls_wrap.js:1105:38)
19 verbose stack     at emitNone (events.js:106:13)
19 verbose stack     at TLSSocket.emit (events.js:208:7)
19 verbose stack     at TLSSocket._finishInit (_tls_wrap.js:639:8)
19 verbose stack     at TLSWrap.ssl.onhandshakedone (_tls_wrap.js:469:38)
20 verbose cwd /mnt/data/Engineering/SBME/4th_year/2nd_semester/iot/tasks/task1/reactapp
21 error Linux 5.4.0-99-generic
22 error argv "/usr/bin/node" "/usr/bin/npm" "view" "--json" "react" "description" "dist-tags.latest" "homepage" "version"
23 error node v8.10.0
24 error npm  v3.5.2
25 error code UNABLE_TO_GET_ISSUER_CERT_LOCALLY
26 error unable to get local issuer certificate
27 error If you need help, you may report this error at:
27 error     <https://github.com/npm/npm/issues>
28 verbose exit [ 1, true ]
